[2025-05-26 22:58:21] ================================================================================
[2025-05-26 22:58:21] V7 OPTIMIZED True Depth Stereo DRR Generator
[2025-05-26 22:58:21] ================================================================================
[2025-05-26 22:58:21] Massive improvements over V6:
[2025-05-26 22:58:21]   • 120.0mm baseline (141x larger than V6)
[2025-05-26 22:58:21]   • TRUE perspective projection
[2025-05-26 22:58:21]   • Expected depth: 60-80% vs V6's 2.7%
[2025-05-26 22:58:21] ================================================================================
[2025-05-26 22:58:21] Loading 134 DICOM files...
[2025-05-26 22:58:21] 
--- V7 Optimized Generation: AP view ---
[2025-05-26 22:58:21] Volume: (134, 512, 512), spacing: [0.9765625 0.9765625 3.       ] mm
[2025-05-26 22:58:21] Attenuation range: [0.00000, 0.26815] mm^-1
[2025-05-26 22:58:21] Optimized geometry: 120.0mm baseline, 800.0mm SID
[2025-05-26 22:58:21] Detector: 750x900 pixels at 600 DPI
[2025-05-26 22:58:21] Generating LEFT perspective...
[2025-05-26 22:58:21] Fast perspective DRR from source at [  60.48828125 -610.51171875 -480.5       ]
[2025-05-26 22:58:21] Progress: 0.0%
[2025-05-26 22:59:01] Progress: 2.8%
[2025-05-26 22:59:40] Progress: 5.6%
[2025-05-26 23:00:18] Progress: 8.3%
