[2025-05-27 01:04:04] ================================================================================
[2025-05-27 01:04:04] V12 Fast Optimized Stereo DRR Generator
[2025-05-27 01:04:04] ================================================================================
[2025-05-27 01:04:04] Parameters:
[2025-05-27 01:04:04]   • Stereo angle: 5.0°
[2025-05-27 01:04:04]   • Resolution: 600 DPI
[2025-05-27 01:04:04]   • Optimized for speed
[2025-05-27 01:04:04] ================================================================================
[2025-05-27 01:04:04] Loading 134 DICOM files...
[2025-05-27 01:04:05] 
--- V12 Fast Optimized Stereo Generation ---
[2025-05-27 01:04:05] Volume: (134, 512, 512), spacing: [0.9765625 0.9765625 3.       ] mm
[2025-05-27 01:04:05] Applying tissue segmentation...
[2025-05-27 01:04:05] Generating CENTER view...
[2025-05-27 01:04:05] Generating LEFT view (-2.5°)...
[2025-05-27 01:04:05] Generating RIGHT view (+2.5°)...
[2025-05-27 01:04:06] Stereo difference: 0.0285
[2025-05-27 01:04:06] Baseline: 104.7mm
[2025-05-27 01:04:06] 
Estimating depth...
[2025-05-27 01:04:07] Depth coverage: 31.5%
[2025-05-27 01:04:14] Saved outputs to outputs/stereo_v12_fast_optimized
[2025-05-27 01:04:14] 
================================================================================
[2025-05-27 01:04:14] V12 Fast COMPLETE
[2025-05-27 01:04:14] Time: 9.3 seconds
[2025-05-27 01:04:14] ================================================================================
