[2025-05-27 00:29:26] ================================================================================
[2025-05-27 00:29:26] V13 Clinical Rotation Stereo DRR Generator
[2025-05-27 00:29:26] ================================================================================
[2025-05-27 00:29:26] Combining proven approaches:
[2025-05-27 00:29:26]   • V10 volume rotation (non-distorted stereo)
[2025-05-27 00:29:26]   • V8 clinical visualization (best quality)
[2025-05-27 00:29:26]   • 3.0° total rotation (±1.5°)
[2025-05-27 00:29:26]   • Conservative approach for real depth
[2025-05-27 00:29:26] ================================================================================
[2025-05-27 00:29:26] Loading 134 DICOM files...
[2025-05-27 00:29:27] 
--- V13 Clinical Rotation Stereo Generation ---
[2025-05-27 00:29:27] Combining V10 volume rotation with V8 clinical visualization
[2025-05-27 00:29:27] Volume shape: (134, 512, 512), spacing: [0.9765625 0.9765625 3.       ] mm
[2025-05-27 00:29:27] Applying clinical tissue segmentation...
[2025-05-27 00:29:27] Attenuation range: [0.00000, 0.16000] mm^-1
[2025-05-27 00:29:27] 
Generating CENTER view (no rotation)...
[2025-05-27 00:29:27]   Raw projection range: [0.000, 8.804]
[2025-05-27 00:29:27] 
Generating LEFT view...
[2025-05-27 00:29:27] Rotating volume by -1.5° around z axis
[2025-05-27 00:29:31]   Original HU range: [-1024, 3034]
[2025-05-27 00:29:31]   Rotated HU range: [-1204, 3044]
[2025-05-27 00:29:31]   Raw projection range: [0.000, 9.193]
[2025-05-27 00:29:31] 
Generating RIGHT view...
[2025-05-27 00:29:31] Rotating volume by 1.5° around z axis
[2025-05-27 00:29:35]   Original HU range: [-1024, 3034]
[2025-05-27 00:29:35]   Rotated HU range: [-1230, 3062]
[2025-05-27 00:29:35]   Raw projection range: [0.000, 8.764]
[2025-05-27 00:29:35] 
Stereo quality assessment:
[2025-05-27 00:29:35]   Left-Center difference: 0.0095
[2025-05-27 00:29:35]   Right-Center difference: 0.0096
[2025-05-27 00:29:35]   Left-Right difference: 0.0158
[2025-05-27 00:29:35]   ✅ Strong stereo separation achieved
[2025-05-27 00:29:35]   Effective baseline: 52.4mm
[2025-05-27 00:29:35] 
Performing depth estimation...
[2025-05-27 00:29:44]   Depth estimation complete:
[2025-05-27 00:29:44]     Max disparity: 99 pixels
[2025-05-27 00:29:44]     Coverage: 81.6%
[2025-05-27 00:29:50] Saved outputs to outputs/stereo_v13_clinical_rotation
[2025-05-27 00:29:50] 
================================================================================
[2025-05-27 00:29:50] V13 COMPLETE - Clinical Quality with Real Stereo
[2025-05-27 00:29:50] Time: 24.2 seconds
[2025-05-27 00:29:50] Stereo difference: 0.0158
[2025-05-27 00:29:50] Quality: strong
[2025-05-27 00:29:50] Baseline: 52.4mm
[2025-05-27 00:29:50] Output: outputs/stereo_v13_clinical_rotation
[2025-05-27 00:29:50] ================================================================================
